# JRE version: OpenJDK Runtime Environment (21.0.3) (build 21.0.3+-12282718-b509.11)
# Java VM: OpenJDK 64-Bit Server VM (21.0.3+-12282718-b509.11, mixed mode, tiered, compressed oops, compressed class ptrs, g1 gc, windows-amd64)
GC Precious Log:
 CardTable entry size: 512
 Card Set container configuration: InlinePtr #cards 5 size 8 Array Of Cards #cards 12 size 40 Howl #buckets 4 coarsen threshold 1843 Howl Bitmap #cards 512 size 80 coarsen threshold 460 Card regions per heap region 1 cards per card region 2048
 CPUs: 8 total, 8 available
 Memory: 16122M
 Large Page Support: Disabled
 NUMA Support: Disabled
 Compressed Oops: Enabled (32-bit)
 Heap Region Size: 1M
 Heap Min Capacity: 8M
 Heap Initial Capacity: 252M
 Heap Max Capacity: 1G
 Pre-touch: Disabled
 Parallel Workers: 8
 Concurrent Workers: 2
 Concurrent Refinement Workers: 8
 Periodic GC: Disabled
Heap:
 garbage-first heap   total 75776K, used 50530K [0x00000000c0000000, 0x0000000100000000)
  region size 1024K, 13 young (13312K), 5 survivors (5120K)
 Metaspace       used 36009K, committed 36864K, reserved 491520K
  class space    used 4903K, committed 5312K, reserved 425984K
GC Heap History (12 events):
Event: 1.354 GC heap before
{Heap before GC invocations=0 (full 0):
 garbage-first heap   total 258048K, used 26624K [0x00000000c0000000, 0x0000000100000000)
  region size 1024K, 23 young (23552K), 0 survivors (0K)
 Metaspace       used 8138K, committed 8320K, reserved 491520K
  class space    used 738K, committed 832K, reserved 425984K
}
Event: 1.364 GC heap after
{Heap after GC invocations=1 (full 0):
 garbage-first heap   total 258048K, used 10607K [0x00000000c0000000, 0x0000000100000000)
  region size 1024K, 3 young (3072K), 3 survivors (3072K)
 Metaspace       used 8138K, committed 8320K, reserved 491520K
  class space    used 738K, committed 832K, reserved 425984K
}
Event: 2.596 GC heap before
{Heap before GC invocations=1 (full 0):
 garbage-first heap   total 258048K, used 40303K [0x00000000c0000000, 0x0000000100000000)
  region size 1024K, 33 young (33792K), 3 survivors (3072K)
 Metaspace       used 12037K, committed 12288K, reserved 491520K
  class space    used 1277K, committed 1408K, reserved 425984K
}
Event: 2.601 GC heap after
{Heap after GC invocations=2 (full 0):
 garbage-first heap   total 258048K, used 11913K [0x00000000c0000000, 0x0000000100000000)
  region size 1024K, 2 young (2048K), 2 survivors (2048K)
 Metaspace       used 12037K, committed 12288K, reserved 491520K
  class space    used 1277K, committed 1408K, reserved 425984K
}
Event: 5.609 GC heap before
{Heap before GC invocations=2 (full 0):
 garbage-first heap   total 258048K, used 74377K [0x00000000c0000000, 0x0000000100000000)
  region size 1024K, 63 young (64512K), 2 survivors (2048K)
 Metaspace       used 21163K, committed 21504K, reserved 491520K
  class space    used 2438K, committed 2624K, reserved 425984K
}
Event: 5.616 GC heap after
{Heap after GC invocations=3 (full 0):
 garbage-first heap   total 258048K, used 20651K [0x00000000c0000000, 0x0000000100000000)
  region size 1024K, 9 young (9216K), 9 survivors (9216K)
 Metaspace       used 21163K, committed 21504K, reserved 491520K
  class space    used 2438K, committed 2624K, reserved 425984K
}
Event: 6.480 GC heap before
{Heap before GC invocations=4 (full 0):
 garbage-first heap   total 75776K, used 55467K [0x00000000c0000000, 0x0000000100000000)
  region size 1024K, 44 young (45056K), 9 survivors (9216K)
 Metaspace       used 27538K, committed 28160K, reserved 491520K
  class space    used 3429K, committed 3712K, reserved 425984K
}
Event: 6.486 GC heap after
{Heap after GC invocations=5 (full 0):
 garbage-first heap   total 75776K, used 22791K [0x00000000c0000000, 0x0000000100000000)
  region size 1024K, 2 young (2048K), 2 survivors (2048K)
 Metaspace       used 27538K, committed 28160K, reserved 491520K
  class space    used 3429K, committed 3712K, reserved 425984K
}
Event: 7.620 GC heap before
{Heap before GC invocations=5 (full 0):
 garbage-first heap   total 75776K, used 57607K [0x00000000c0000000, 0x0000000100000000)
  region size 1024K, 37 young (37888K), 2 survivors (2048K)
 Metaspace       used 32301K, committed 33024K, reserved 491520K
  class space    used 4244K, committed 4608K, reserved 425984K
}
Event: 7.626 GC heap after
{Heap after GC invocations=6 (full 0):
 garbage-first heap   total 75776K, used 26035K [0x00000000c0000000, 0x0000000100000000)
  region size 1024K, 5 young (5120K), 5 survivors (5120K)
 Metaspace       used 32301K, committed 33024K, reserved 491520K
  class space    used 4244K, committed 4608K, reserved 425984K
}
Event: 8.371 GC heap before
{Heap before GC invocations=6 (full 0):
 garbage-first heap   total 75776K, used 59827K [0x00000000c0000000, 0x0000000100000000)
  region size 1024K, 29 young (29696K), 5 survivors (5120K)
 Metaspace       used 35188K, committed 35968K, reserved 491520K
  class space    used 4748K, committed 5120K, reserved 425984K
}
Event: 8.376 GC heap after
{Heap after GC invocations=7 (full 0):
 garbage-first heap   total 75776K, used 42338K [0x00000000c0000000, 0x0000000100000000)
  region size 1024K, 5 young (5120K), 5 survivors (5120K)
 Metaspace       used 35188K, committed 35968K, reserved 491520K
  class space    used 4748K, committed 5120K, reserved 425984K
}

