# JRE version: OpenJDK Runtime Environment (21.0.3) (build 21.0.3+-12282718-b509.11)
# Java VM: OpenJDK 64-Bit Server VM (21.0.3+-12282718-b509.11, mixed mode, tiered, compressed oops, compressed class ptrs, g1 gc, windows-amd64)
GC Precious Log:
 CardTable entry size: 512
 Card Set container configuration: InlinePtr #cards 5 size 8 Array Of Cards #cards 12 size 40 Howl #buckets 4 coarsen threshold 1843 Howl Bitmap #cards 512 size 80 coarsen threshold 460 Card regions per heap region 1 cards per card region 2048
 CPUs: 8 total, 8 available
 Memory: 16122M
 Large Page Support: Disabled
 NUMA Support: Disabled
 Compressed Oops: Enabled (32-bit)
 Heap Region Size: 1M
 Heap Min Capacity: 8M
 Heap Initial Capacity: 252M
 Heap Max Capacity: 512M
 Pre-touch: Disabled
 Parallel Workers: 8
 Concurrent Workers: 2
 Concurrent Refinement Workers: 8
 Periodic GC: Disabled
Heap:
 garbage-first heap   total 326656K, used 228205K [0x00000000e0000000, 0x0000000100000000)
  region size 1024K, 23 young (23552K), 10 survivors (10240K)
 Metaspace       used 122770K, committed 124992K, reserved 344064K
  class space    used 16440K, committed 17536K, reserved 212992K
GC Heap History (20 events):
Event: 19.063 GC heap after
{Heap after GC invocations=43 (full 0):
 garbage-first heap   total 179200K, used 110904K [0x00000000e0000000, 0x0000000100000000)
  region size 1024K, 8 young (8192K), 8 survivors (8192K)
 Metaspace       used 110615K, committed 112768K, reserved 344064K
  class space    used 15262K, committed 16320K, reserved 212992K
}
Event: 19.247 GC heap before
{Heap before GC invocations=43 (full 0):
 garbage-first heap   total 179200K, used 160056K [0x00000000e0000000, 0x0000000100000000)
  region size 1024K, 56 young (57344K), 8 survivors (8192K)
 Metaspace       used 110617K, committed 112768K, reserved 344064K
  class space    used 15262K, committed 16320K, reserved 212992K
}
Event: 19.257 GC heap after
{Heap after GC invocations=44 (full 0):
 garbage-first heap   total 179200K, used 115057K [0x00000000e0000000, 0x0000000100000000)
  region size 1024K, 4 young (4096K), 4 survivors (4096K)
 Metaspace       used 110617K, committed 112768K, reserved 344064K
  class space    used 15262K, committed 16320K, reserved 212992K
}
Event: 19.807 GC heap before
{Heap before GC invocations=45 (full 0):
 garbage-first heap   total 217088K, used 162161K [0x00000000e0000000, 0x0000000100000000)
  region size 1024K, 50 young (51200K), 4 survivors (4096K)
 Metaspace       used 110921K, committed 113024K, reserved 344064K
  class space    used 15329K, committed 16384K, reserved 212992K
}
Event: 19.814 GC heap after
{Heap after GC invocations=46 (full 0):
 garbage-first heap   total 217088K, used 116361K [0x00000000e0000000, 0x0000000100000000)
  region size 1024K, 6 young (6144K), 6 survivors (6144K)
 Metaspace       used 110921K, committed 113024K, reserved 344064K
  class space    used 15329K, committed 16384K, reserved 212992K
}
Event: 21.362 GC heap before
{Heap before GC invocations=46 (full 0):
 garbage-first heap   total 217088K, used 204425K [0x00000000e0000000, 0x0000000100000000)
  region size 1024K, 85 young (87040K), 6 survivors (6144K)
 Metaspace       used 114066K, committed 116224K, reserved 344064K
  class space    used 15627K, committed 16704K, reserved 212992K
}
Event: 21.389 GC heap after
{Heap after GC invocations=47 (full 0):
 garbage-first heap   total 238592K, used 139950K [0x00000000e0000000, 0x0000000100000000)
  region size 1024K, 11 young (11264K), 11 survivors (11264K)
 Metaspace       used 114066K, committed 116224K, reserved 344064K
  class space    used 15627K, committed 16704K, reserved 212992K
}
Event: 23.182 GC heap before
{Heap before GC invocations=47 (full 0):
 garbage-first heap   total 238592K, used 201390K [0x00000000e0000000, 0x0000000100000000)
  region size 1024K, 71 young (72704K), 11 survivors (11264K)
 Metaspace       used 114689K, committed 116800K, reserved 344064K
  class space    used 15650K, committed 16704K, reserved 212992K
}
Event: 23.193 GC heap after
{Heap after GC invocations=48 (full 0):
 garbage-first heap   total 238592K, used 150243K [0x00000000e0000000, 0x0000000100000000)
  region size 1024K, 9 young (9216K), 9 survivors (9216K)
 Metaspace       used 114689K, committed 116800K, reserved 344064K
  class space    used 15650K, committed 16704K, reserved 212992K
}
Event: 23.846 GC heap before
{Heap before GC invocations=49 (full 0):
 garbage-first heap   total 265216K, used 212707K [0x00000000e0000000, 0x0000000100000000)
  region size 1024K, 62 young (63488K), 9 survivors (9216K)
 Metaspace       used 114711K, committed 116864K, reserved 344064K
  class space    used 15650K, committed 16704K, reserved 212992K
}
Event: 23.860 GC heap after
{Heap after GC invocations=50 (full 0):
 garbage-first heap   total 265216K, used 179200K [0x00000000e0000000, 0x0000000100000000)
  region size 1024K, 8 young (8192K), 8 survivors (8192K)
 Metaspace       used 114711K, committed 116864K, reserved 344064K
  class space    used 15650K, committed 16704K, reserved 212992K
}
Event: 24.865 GC heap before
{Heap before GC invocations=50 (full 0):
 garbage-first heap   total 265216K, used 230400K [0x00000000e0000000, 0x0000000100000000)
  region size 1024K, 51 young (52224K), 8 survivors (8192K)
 Metaspace       used 115219K, committed 117440K, reserved 344064K
  class space    used 15704K, committed 16832K, reserved 212992K
}
Event: 24.878 GC heap after
{Heap after GC invocations=51 (full 0):
 garbage-first heap   total 265216K, used 187392K [0x00000000e0000000, 0x0000000100000000)
  region size 1024K, 7 young (7168K), 7 survivors (7168K)
 Metaspace       used 115219K, committed 117440K, reserved 344064K
  class space    used 15704K, committed 16832K, reserved 212992K
}
Event: 25.690 GC heap before
{Heap before GC invocations=51 (full 0):
 garbage-first heap   total 265216K, used 229376K [0x00000000e0000000, 0x0000000100000000)
  region size 1024K, 48 young (49152K), 7 survivors (7168K)
 Metaspace       used 117853K, committed 120064K, reserved 344064K
  class space    used 15992K, committed 17088K, reserved 212992K
}
Event: 25.701 GC heap after
{Heap after GC invocations=52 (full 0):
 garbage-first heap   total 265216K, used 192978K [0x00000000e0000000, 0x0000000100000000)
  region size 1024K, 5 young (5120K), 5 survivors (5120K)
 Metaspace       used 117853K, committed 120064K, reserved 344064K
  class space    used 15992K, committed 17088K, reserved 212992K
}
Event: 27.118 GC heap before
{Heap before GC invocations=53 (full 0):
 garbage-first heap   total 326656K, used 261586K [0x00000000e0000000, 0x0000000100000000)
  region size 1024K, 46 young (47104K), 5 survivors (5120K)
 Metaspace       used 118510K, committed 120704K, reserved 344064K
  class space    used 16062K, committed 17152K, reserved 212992K
}
Event: 27.124 GC heap after
{Heap after GC invocations=54 (full 0):
 garbage-first heap   total 326656K, used 195105K [0x00000000e0000000, 0x0000000100000000)
  region size 1024K, 3 young (3072K), 3 survivors (3072K)
 Metaspace       used 118510K, committed 120704K, reserved 344064K
  class space    used 16062K, committed 17152K, reserved 212992K
}
Event: 27.617 GC heap before
{Heap before GC invocations=54 (full 0):
 garbage-first heap   total 326656K, used 280097K [0x00000000e0000000, 0x0000000100000000)
  region size 1024K, 87 young (89088K), 3 survivors (3072K)
 Metaspace       used 121300K, committed 123456K, reserved 344064K
  class space    used 16310K, committed 17408K, reserved 212992K
}
Event: 27.628 GC heap after
{Heap after GC invocations=55 (full 0):
 garbage-first heap   total 326656K, used 207675K [0x00000000e0000000, 0x0000000100000000)
  region size 1024K, 11 young (11264K), 11 survivors (11264K)
 Metaspace       used 121300K, committed 123456K, reserved 344064K
  class space    used 16310K, committed 17408K, reserved 212992K
}
Event: 28.145 GC heap before
{Heap before GC invocations=55 (full 0):
 garbage-first heap   total 326656K, used 285499K [0x00000000e0000000, 0x0000000100000000)
  region size 1024K, 88 young (90112K), 11 survivors (11264K)
 Metaspace       used 122716K, committed 124928K, reserved 344064K
  class space    used 16440K, committed 17536K, reserved 212992K
}

