# JRE version: OpenJDK Runtime Environment (21.0.3) (build 21.0.3+-12282718-b509.11)
# Java VM: OpenJDK 64-Bit Server VM (21.0.3+-12282718-b509.11, mixed mode, tiered, compressed oops, compressed class ptrs, g1 gc, windows-amd64)
GC Precious Log:
 CardTable entry size: 512
 Card Set container configuration: InlinePtr #cards 5 size 8 Array Of Cards #cards 12 size 40 Howl #buckets 4 coarsen threshold 1843 Howl Bitmap #cards 512 size 80 coarsen threshold 460 Card regions per heap region 1 cards per card region 2048
 CPUs: 8 total, 8 available
 Memory: 16122M
 Large Page Support: Disabled
 NUMA Support: Disabled
 Compressed Oops: Enabled (32-bit)
 Heap Region Size: 1M
 Heap Min Capacity: 8M
 Heap Initial Capacity: 252M
 Heap Max Capacity: 2G
 Pre-touch: Disabled
 Parallel Workers: 8
 Concurrent Workers: 2
 Concurrent Refinement Workers: 8
 Periodic GC: Disabled
Heap:
 garbage-first heap   total 397312K, used 255545K [0x0000000080000000, 0x0000000100000000)
  region size 1024K, 67 young (68608K), 7 survivors (7168K)
 Metaspace       used 161028K, committed 162688K, reserved 1245184K
  class space    used 21690K, committed 22528K, reserved 1048576K
GC Heap History (20 events):
Event: 10207.633 GC heap before
{Heap before GC invocations=82 (full 0):
 garbage-first heap   total 308224K, used 306601K [0x0000000080000000, 0x0000000100000000)
  region size 1024K, 100 young (102400K), 9 survivors (9216K)
 Metaspace       used 158124K, committed 159872K, reserved 1245184K
  class space    used 21591K, committed 22464K, reserved 1048576K
}
Event: 10207.645 GC heap after
{Heap after GC invocations=83 (full 0):
 garbage-first heap   total 327680K, used 175749K [0x0000000080000000, 0x0000000100000000)
  region size 1024K, 13 young (13312K), 13 survivors (13312K)
 Metaspace       used 158124K, committed 159872K, reserved 1245184K
  class space    used 21591K, committed 22464K, reserved 1048576K
}
Event: 10264.570 GC heap before
{Heap before GC invocations=83 (full 0):
 garbage-first heap   total 327680K, used 295557K [0x0000000080000000, 0x0000000100000000)
  region size 1024K, 130 young (133120K), 13 survivors (13312K)
 Metaspace       used 158321K, committed 160000K, reserved 1245184K
  class space    used 21608K, committed 22464K, reserved 1048576K
}
Event: 10264.598 GC heap after
{Heap after GC invocations=84 (full 0):
 garbage-first heap   total 332800K, used 175634K [0x0000000080000000, 0x0000000100000000)
  region size 1024K, 15 young (15360K), 15 survivors (15360K)
 Metaspace       used 158321K, committed 160000K, reserved 1245184K
  class space    used 21608K, committed 22464K, reserved 1048576K
}
Event: 10459.056 GC heap before
{Heap before GC invocations=84 (full 0):
 garbage-first heap   total 332800K, used 297490K [0x0000000080000000, 0x0000000100000000)
  region size 1024K, 135 young (138240K), 15 survivors (15360K)
 Metaspace       used 158587K, committed 160384K, reserved 1245184K
  class space    used 21623K, committed 22528K, reserved 1048576K
}
Event: 10459.071 GC heap after
{Heap after GC invocations=85 (full 0):
 garbage-first heap   total 332800K, used 189321K [0x0000000080000000, 0x0000000100000000)
  region size 1024K, 14 young (14336K), 14 survivors (14336K)
 Metaspace       used 158587K, committed 160384K, reserved 1245184K
  class space    used 21623K, committed 22528K, reserved 1048576K
}
Event: 10461.748 GC heap before
{Heap before GC invocations=86 (full 0):
 garbage-first heap   total 332800K, used 301961K [0x0000000080000000, 0x0000000100000000)
  region size 1024K, 123 young (125952K), 14 survivors (14336K)
 Metaspace       used 158502K, committed 160320K, reserved 1245184K
  class space    used 21579K, committed 22528K, reserved 1048576K
}
Event: 10461.763 GC heap after
{Heap after GC invocations=87 (full 0):
 garbage-first heap   total 338944K, used 210764K [0x0000000080000000, 0x0000000100000000)
  region size 1024K, 16 young (16384K), 16 survivors (16384K)
 Metaspace       used 158502K, committed 160320K, reserved 1245184K
  class space    used 21579K, committed 22528K, reserved 1048576K
}
Event: 10764.272 GC heap before
{Heap before GC invocations=87 (full 0):
 garbage-first heap   total 338944K, used 337740K [0x0000000080000000, 0x0000000100000000)
  region size 1024K, 94 young (96256K), 16 survivors (16384K)
 Metaspace       used 159053K, committed 160832K, reserved 1245184K
  class space    used 21582K, committed 22528K, reserved 1048576K
}
Event: 10764.293 GC heap after
{Heap after GC invocations=88 (full 0):
 garbage-first heap   total 370688K, used 192614K [0x0000000080000000, 0x0000000100000000)
  region size 1024K, 8 young (8192K), 8 survivors (8192K)
 Metaspace       used 159053K, committed 160832K, reserved 1245184K
  class space    used 21582K, committed 22528K, reserved 1048576K
}
Event: 11749.194 GC heap before
{Heap before GC invocations=88 (full 0):
 garbage-first heap   total 370688K, used 323686K [0x0000000080000000, 0x0000000100000000)
  region size 1024K, 136 young (139264K), 8 survivors (8192K)
 Metaspace       used 159119K, committed 160832K, reserved 1245184K
  class space    used 21582K, committed 22528K, reserved 1048576K
}
Event: 11749.220 GC heap after
{Heap after GC invocations=89 (full 0):
 garbage-first heap   total 370688K, used 206310K [0x0000000080000000, 0x0000000100000000)
  region size 1024K, 17 young (17408K), 17 survivors (17408K)
 Metaspace       used 159119K, committed 160832K, reserved 1245184K
  class space    used 21582K, committed 22528K, reserved 1048576K
}
Event: 11751.201 GC heap before
{Heap before GC invocations=90 (full 0):
 garbage-first heap   total 370688K, used 324070K [0x0000000080000000, 0x0000000100000000)
  region size 1024K, 135 young (138240K), 17 survivors (17408K)
 Metaspace       used 160619K, committed 162368K, reserved 1245184K
  class space    used 21647K, committed 22528K, reserved 1048576K
}
Event: 11751.227 GC heap after
{Heap after GC invocations=91 (full 0):
 garbage-first heap   total 370688K, used 208545K [0x0000000080000000, 0x0000000100000000)
  region size 1024K, 7 young (7168K), 7 survivors (7168K)
 Metaspace       used 160619K, committed 162368K, reserved 1245184K
  class space    used 21647K, committed 22528K, reserved 1048576K
}
Event: 11805.252 GC heap before
{Heap before GC invocations=91 (full 0):
 garbage-first heap   total 370688K, used 369313K [0x0000000080000000, 0x0000000100000000)
  region size 1024K, 118 young (120832K), 7 survivors (7168K)
 Metaspace       used 160804K, committed 162496K, reserved 1245184K
  class space    used 21653K, committed 22528K, reserved 1048576K
}
Event: 11805.281 GC heap after
{Heap after GC invocations=92 (full 0):
 garbage-first heap   total 397312K, used 192873K [0x0000000080000000, 0x0000000100000000)
  region size 1024K, 16 young (16384K), 16 survivors (16384K)
 Metaspace       used 160804K, committed 162496K, reserved 1245184K
  class space    used 21653K, committed 22528K, reserved 1048576K
}
Event: 11904.557 GC heap before
{Heap before GC invocations=92 (full 0):
 garbage-first heap   total 397312K, used 336233K [0x0000000080000000, 0x0000000100000000)
  region size 1024K, 156 young (159744K), 16 survivors (16384K)
 Metaspace       used 160941K, committed 162624K, reserved 1245184K
  class space    used 21665K, committed 22528K, reserved 1048576K
}
Event: 11904.572 GC heap after
{Heap after GC invocations=93 (full 0):
 garbage-first heap   total 397312K, used 195556K [0x0000000080000000, 0x0000000100000000)
  region size 1024K, 3 young (3072K), 3 survivors (3072K)
 Metaspace       used 160941K, committed 162624K, reserved 1245184K
  class space    used 21665K, committed 22528K, reserved 1048576K
}
Event: 12047.633 GC heap before
{Heap before GC invocations=94 (full 0):
 garbage-first heap   total 397312K, used 348132K [0x0000000080000000, 0x0000000100000000)
  region size 1024K, 155 young (158720K), 3 survivors (3072K)
 Metaspace       used 160761K, committed 162624K, reserved 1245184K
  class space    used 21646K, committed 22528K, reserved 1048576K
}
Event: 12047.638 GC heap after
{Heap after GC invocations=95 (full 0):
 garbage-first heap   total 397312K, used 196153K [0x0000000080000000, 0x0000000100000000)
  region size 1024K, 7 young (7168K), 7 survivors (7168K)
 Metaspace       used 160761K, committed 162624K, reserved 1245184K
  class space    used 21646K, committed 22528K, reserved 1048576K
}

