# JRE version: OpenJDK Runtime Environment (21.0.3) (build 21.0.3+-12282718-b509.11)
# Java VM: OpenJDK 64-Bit Server VM (21.0.3+-12282718-b509.11, mixed mode, tiered, compressed oops, compressed class ptrs, g1 gc, windows-amd64)
GC Precious Log:
 CardTable entry size: 512
 Card Set container configuration: InlinePtr #cards 5 size 8 Array Of Cards #cards 12 size 40 Howl #buckets 4 coarsen threshold 1843 Howl Bitmap #cards 512 size 80 coarsen threshold 460 Card regions per heap region 1 cards per card region 2048
 CPUs: 8 total, 8 available
 Memory: 16122M
 Large Page Support: Disabled
 NUMA Support: Disabled
 Compressed Oops: Enabled (32-bit)
 Heap Region Size: 1M
 Heap Min Capacity: 8M
 Heap Initial Capacity: 252M
 Heap Max Capacity: 2G
 Pre-touch: Disabled
 Parallel Workers: 8
 Concurrent Workers: 2
 Concurrent Refinement Workers: 8
 Periodic GC: Disabled
Heap:
 garbage-first heap   total 214016K, used 135675K [0x0000000080000000, 0x0000000100000000)
  region size 1024K, 19 young (19456K), 9 survivors (9216K)
 Metaspace       used 115275K, committed 117440K, reserved 1179648K
  class space    used 15911K, committed 16960K, reserved 1048576K
GC Heap History (20 events):
Event: 14.860 GC heap before
{Heap before GC invocations=36 (full 0):
 garbage-first heap   total 160768K, used 145848K [0x0000000080000000, 0x0000000100000000)
  region size 1024K, 53 young (54272K), 5 survivors (5120K)
 Metaspace       used 99047K, committed 100992K, reserved 1179648K
  class space    used 13573K, committed 14528K, reserved 1048576K
}
Event: 14.866 GC heap after
{Heap after GC invocations=37 (full 0):
 garbage-first heap   total 160768K, used 98999K [0x0000000080000000, 0x0000000100000000)
  region size 1024K, 5 young (5120K), 5 survivors (5120K)
 Metaspace       used 99047K, committed 100992K, reserved 1179648K
  class space    used 13573K, committed 14528K, reserved 1048576K
}
Event: 15.629 GC heap before
{Heap before GC invocations=38 (full 0):
 garbage-first heap   total 174080K, used 145079K [0x0000000080000000, 0x0000000100000000)
  region size 1024K, 50 young (51200K), 5 survivors (5120K)
 Metaspace       used 102258K, committed 104320K, reserved 1179648K
  class space    used 14089K, committed 15104K, reserved 1048576K
}
Event: 15.635 GC heap after
{Heap after GC invocations=39 (full 0):
 garbage-first heap   total 174080K, used 102010K [0x0000000080000000, 0x0000000100000000)
  region size 1024K, 6 young (6144K), 6 survivors (6144K)
 Metaspace       used 102258K, committed 104320K, reserved 1179648K
  class space    used 14089K, committed 15104K, reserved 1048576K
}
Event: 16.443 GC heap before
{Heap before GC invocations=39 (full 0):
 garbage-first heap   total 174080K, used 157306K [0x0000000080000000, 0x0000000100000000)
  region size 1024K, 60 young (61440K), 6 survivors (6144K)
 Metaspace       used 107241K, committed 109376K, reserved 1179648K
  class space    used 14765K, committed 15808K, reserved 1048576K
}
Event: 16.449 GC heap after
{Heap after GC invocations=40 (full 0):
 garbage-first heap   total 174080K, used 104628K [0x0000000080000000, 0x0000000100000000)
  region size 1024K, 7 young (7168K), 7 survivors (7168K)
 Metaspace       used 107241K, committed 109376K, reserved 1179648K
  class space    used 14765K, committed 15808K, reserved 1048576K
}
Event: 17.737 GC heap before
{Heap before GC invocations=40 (full 0):
 garbage-first heap   total 174080K, used 155828K [0x0000000080000000, 0x0000000100000000)
  region size 1024K, 58 young (59392K), 7 survivors (7168K)
 Metaspace       used 110450K, committed 112576K, reserved 1179648K
  class space    used 15241K, committed 16320K, reserved 1048576K
}
Event: 17.747 GC heap after
{Heap after GC invocations=41 (full 0):
 garbage-first heap   total 174080K, used 110733K [0x0000000080000000, 0x0000000100000000)
  region size 1024K, 8 young (8192K), 8 survivors (8192K)
 Metaspace       used 110450K, committed 112576K, reserved 1179648K
  class space    used 15241K, committed 16320K, reserved 1048576K
}
Event: 18.199 GC heap before
{Heap before GC invocations=42 (full 0):
 garbage-first heap   total 193536K, used 154765K [0x0000000080000000, 0x0000000100000000)
  region size 1024K, 51 young (52224K), 8 survivors (8192K)
 Metaspace       used 110598K, committed 112704K, reserved 1179648K
  class space    used 15249K, committed 16320K, reserved 1048576K
}
Event: 18.211 GC heap after
{Heap after GC invocations=43 (full 0):
 garbage-first heap   total 193536K, used 116300K [0x0000000080000000, 0x0000000100000000)
  region size 1024K, 5 young (5120K), 5 survivors (5120K)
 Metaspace       used 110598K, committed 112704K, reserved 1179648K
  class space    used 15249K, committed 16320K, reserved 1048576K
}
Event: 18.785 GC heap before
{Heap before GC invocations=43 (full 0):
 garbage-first heap   total 193536K, used 172620K [0x0000000080000000, 0x0000000100000000)
  region size 1024K, 61 young (62464K), 5 survivors (5120K)
 Metaspace       used 110932K, committed 113088K, reserved 1179648K
  class space    used 15318K, committed 16384K, reserved 1048576K
}
Event: 18.792 GC heap after
{Heap after GC invocations=44 (full 0):
 garbage-first heap   total 193536K, used 117931K [0x0000000080000000, 0x0000000100000000)
  region size 1024K, 4 young (4096K), 4 survivors (4096K)
 Metaspace       used 110932K, committed 113088K, reserved 1179648K
  class space    used 15318K, committed 16384K, reserved 1048576K
}
Event: 20.243 GC heap before
{Heap before GC invocations=44 (full 0):
 garbage-first heap   total 193536K, used 174251K [0x0000000080000000, 0x0000000100000000)
  region size 1024K, 60 young (61440K), 4 survivors (4096K)
 Metaspace       used 111159K, committed 113344K, reserved 1179648K
  class space    used 15351K, committed 16448K, reserved 1048576K
}
Event: 20.250 GC heap after
{Heap after GC invocations=45 (full 0):
 garbage-first heap   total 193536K, used 120565K [0x0000000080000000, 0x0000000100000000)
  region size 1024K, 7 young (7168K), 7 survivors (7168K)
 Metaspace       used 111159K, committed 113344K, reserved 1179648K
  class space    used 15351K, committed 16448K, reserved 1048576K
}
Event: 20.885 GC heap before
{Heap before GC invocations=46 (full 0):
 garbage-first heap   total 214016K, used 172789K [0x0000000080000000, 0x0000000100000000)
  region size 1024K, 59 young (60416K), 7 survivors (7168K)
 Metaspace       used 111250K, committed 113408K, reserved 1179648K
  class space    used 15363K, committed 16448K, reserved 1048576K
}
Event: 20.891 GC heap after
{Heap after GC invocations=47 (full 0):
 garbage-first heap   total 214016K, used 122765K [0x0000000080000000, 0x0000000100000000)
  region size 1024K, 5 young (5120K), 5 survivors (5120K)
 Metaspace       used 111250K, committed 113408K, reserved 1179648K
  class space    used 15363K, committed 16448K, reserved 1048576K
}
Event: 22.930 GC heap before
{Heap before GC invocations=47 (full 0):
 garbage-first heap   total 214016K, used 191373K [0x0000000080000000, 0x0000000100000000)
  region size 1024K, 73 young (74752K), 5 survivors (5120K)
 Metaspace       used 111967K, committed 114112K, reserved 1179648K
  class space    used 15485K, committed 16576K, reserved 1048576K
}
Event: 22.936 GC heap after
{Heap after GC invocations=48 (full 0):
 garbage-first heap   total 214016K, used 122723K [0x0000000080000000, 0x0000000100000000)
  region size 1024K, 7 young (7168K), 7 survivors (7168K)
 Metaspace       used 111967K, committed 114112K, reserved 1179648K
  class space    used 15485K, committed 16576K, reserved 1048576K
}
Event: 26.148 GC heap before
{Heap before GC invocations=48 (full 0):
 garbage-first heap   total 214016K, used 193379K [0x0000000080000000, 0x0000000100000000)
  region size 1024K, 77 young (78848K), 7 survivors (7168K)
 Metaspace       used 115275K, committed 117440K, reserved 1179648K
  class space    used 15911K, committed 16960K, reserved 1048576K
}
Event: 26.156 GC heap after
{Heap after GC invocations=49 (full 0):
 garbage-first heap   total 214016K, used 127483K [0x0000000080000000, 0x0000000100000000)
  region size 1024K, 9 young (9216K), 9 survivors (9216K)
 Metaspace       used 115275K, committed 117440K, reserved 1179648K
  class space    used 15911K, committed 16960K, reserved 1048576K
}

